[0m10:42:50.685843 [debug] [MainThread]: Sending event: {'category': 'dbt', 'action': 'invocation', 'label': 'start', 'context': [<snowplow_tracker.self_describing_json.SelfDescribingJson object at 0x107676e50>, <snowplow_tracker.self_describing_json.SelfDescribingJson object at 0x111e24310>, <snowplow_tracker.self_describing_json.SelfDescribingJson object at 0x111dfacd0>]}


============================== 10:42:50.688429 | 84e4890b-d7a3-4c6a-8c75-3512cfc60c7c ==============================
[0m10:42:50.688429 [info ] [MainThread]: Running with dbt=1.7.1
[0m10:42:50.688748 [debug] [MainThread]: running dbt with arguments {'printer_width': '80', 'indirect_selection': 'eager', 'write_json': 'True', 'log_cache_events': 'False', 'partial_parse': 'True', 'cache_selected_only': 'False', 'warn_error': 'None', 'debug': 'False', 'version_check': 'True', 'log_path': 'logs', 'fail_fast': 'False', 'profiles_dir': '/Users/rachelgao/.dbt', 'use_colors': 'True', 'use_experimental_parser': 'False', 'no_print': 'None', 'quiet': 'False', 'warn_error_options': 'WarnErrorOptions(include=[], exclude=[])', 'introspect': 'True', 'log_format': 'default', 'invocation_command': 'dbt init dbtlearn', 'target_path': 'None', 'static_parser': 'True', 'send_anonymous_usage_stats': 'True'}
[0m10:42:50.689334 [debug] [MainThread]: Starter project path: /Users/rachelgao/Desktop/personal-projects/dbt-course/venv/lib/python3.11/site-packages/dbt/include/starter_project
[0m10:42:50.694686 [info ] [MainThread]: 
Your new dbt project "dbtlearn" was created!

For more information on how to configure the profiles.yml file,
please consult the dbt documentation here:

  https://docs.getdbt.com/docs/configure-your-profile

One more thing:

Need help? Don't hesitate to reach out to us via GitHub issues or on Slack:

  https://community.getdbt.com/

Happy modeling!

[0m10:42:50.694871 [info ] [MainThread]: Setting up your profile.
[0m10:45:12.526833 [info ] [MainThread]: Profile dbtlearn written to /Users/rachelgao/.dbt/profiles.yml using target's profile_template.yml and your supplied values. Run 'dbt debug' to validate the connection.
[0m10:45:12.583938 [debug] [MainThread]: Resource report: {"command_name": "init", "command_success": true, "command_wall_clock_time": 141.92046, "process_user_time": 0.824736, "process_kernel_time": 0.159381, "process_mem_max_rss": "121028608", "process_in_blocks": "0", "process_out_blocks": "0"}
[0m10:45:12.585444 [debug] [MainThread]: Command `dbt init` succeeded at 10:45:12.585165 after 141.92 seconds
[0m10:45:12.586259 [debug] [MainThread]: Sending event: {'category': 'dbt', 'action': 'invocation', 'label': 'end', 'context': [<snowplow_tracker.self_describing_json.SelfDescribingJson object at 0x111daa990>, <snowplow_tracker.self_describing_json.SelfDescribingJson object at 0x111dfab10>, <snowplow_tracker.self_describing_json.SelfDescribingJson object at 0x1043dec50>]}
[0m10:45:12.587023 [debug] [MainThread]: Flushing usage events
[0m10:45:22.286662 [debug] [MainThread]: Sending event: {'category': 'dbt', 'action': 'invocation', 'label': 'start', 'context': [<snowplow_tracker.self_describing_json.SelfDescribingJson object at 0x1113d81d0>, <snowplow_tracker.self_describing_json.SelfDescribingJson object at 0x1113fb9d0>, <snowplow_tracker.self_describing_json.SelfDescribingJson object at 0x1113fba50>]}


============================== 10:45:22.288991 | b1ed09e3-c921-4f03-aca0-645218efbb93 ==============================
[0m10:45:22.288991 [info ] [MainThread]: Running with dbt=1.7.1
[0m10:45:22.289286 [debug] [MainThread]: running dbt with arguments {'printer_width': '80', 'indirect_selection': 'eager', 'log_cache_events': 'False', 'write_json': 'True', 'partial_parse': 'True', 'cache_selected_only': 'False', 'warn_error': 'None', 'fail_fast': 'False', 'version_check': 'True', 'log_path': 'logs', 'debug': 'False', 'profiles_dir': '/Users/rachelgao/.dbt', 'use_colors': 'True', 'use_experimental_parser': 'False', 'no_print': 'None', 'quiet': 'False', 'log_format': 'default', 'invocation_command': 'dbt debug', 'static_parser': 'True', 'introspect': 'True', 'target_path': 'None', 'warn_error_options': 'WarnErrorOptions(include=[], exclude=[])', 'send_anonymous_usage_stats': 'True'}
[0m10:45:22.289610 [info ] [MainThread]: dbt version: 1.7.1
[0m10:45:22.289770 [info ] [MainThread]: python version: 3.11.10
[0m10:45:22.289923 [info ] [MainThread]: python path: /Users/rachelgao/Desktop/personal-projects/dbt-course/venv/bin/python
[0m10:45:22.290073 [info ] [MainThread]: os info: macOS-13.2.1-arm64-arm-64bit
[0m10:45:22.446395 [info ] [MainThread]: Using profiles dir at /Users/rachelgao/.dbt
[0m10:45:22.446672 [info ] [MainThread]: Using profiles.yml file at /Users/rachelgao/.dbt/profiles.yml
[0m10:45:22.446815 [info ] [MainThread]: Using dbt_project.yml file at /Users/rachelgao/Desktop/personal-projects/dbt-course/dbt_project.yml
[0m10:45:22.447404 [info ] [MainThread]: adapter type: snowflake
[0m10:45:22.447647 [info ] [MainThread]: adapter version: 1.7.1
[0m10:45:22.447833 [info ] [MainThread]: Configuration:
[0m10:45:22.447972 [info ] [MainThread]:   profiles.yml file [[32mOK found and valid[0m]
[0m10:45:22.448099 [info ] [MainThread]:   dbt_project.yml file [[31mERROR not found[0m]
[0m10:45:22.448226 [info ] [MainThread]: Required dependencies:
[0m10:45:22.448408 [debug] [MainThread]: Executing "git --help"
[0m10:45:22.463520 [debug] [MainThread]: STDOUT: "b"usage: git [-v | --version] [-h | --help] [-C <path>] [-c <name>=<value>]\n           [--exec-path[=<path>]] [--html-path] [--man-path] [--info-path]\n           [-p | --paginate | -P | --no-pager] [--no-replace-objects] [--bare]\n           [--git-dir=<path>] [--work-tree=<path>] [--namespace=<name>]\n           [--super-prefix=<path>] [--config-env=<name>=<envvar>]\n           <command> [<args>]\n\nThese are common Git commands used in various situations:\n\nstart a working area (see also: git help tutorial)\n   clone     Clone a repository into a new directory\n   init      Create an empty Git repository or reinitialize an existing one\n\nwork on the current change (see also: git help everyday)\n   add       Add file contents to the index\n   mv        Move or rename a file, a directory, or a symlink\n   restore   Restore working tree files\n   rm        Remove files from the working tree and from the index\n\nexamine the history and state (see also: git help revisions)\n   bisect    Use binary search to find the commit that introduced a bug\n   diff      Show changes between commits, commit and working tree, etc\n   grep      Print lines matching a pattern\n   log       Show commit logs\n   show      Show various types of objects\n   status    Show the working tree status\n\ngrow, mark and tweak your common history\n   branch    List, create, or delete branches\n   commit    Record changes to the repository\n   merge     Join two or more development histories together\n   rebase    Reapply commits on top of another base tip\n   reset     Reset current HEAD to the specified state\n   switch    Switch branches\n   tag       Create, list, delete or verify a tag object signed with GPG\n\ncollaborate (see also: git help workflows)\n   fetch     Download objects and refs from another repository\n   pull      Fetch from and integrate with another repository or a local branch\n   push      Update remote refs along with associated objects\n\n'git help -a' and 'git help -g' list available subcommands and some\nconcept guides. See 'git help <command>' or 'git help <concept>'\nto read about a specific subcommand or concept.\nSee 'git help git' for an overview of the system.\n""
[0m10:45:22.464049 [debug] [MainThread]: STDERR: "b''"
[0m10:45:22.464222 [info ] [MainThread]:  - git [[32mOK found[0m]

[0m10:45:22.464370 [info ] [MainThread]: Connection:
[0m10:45:22.464531 [info ] [MainThread]:   account: ubnyzrz-kb52270
[0m10:45:22.464646 [info ] [MainThread]:   user: dbt
[0m10:45:22.464761 [info ] [MainThread]:   database: AIRBNB
[0m10:45:22.464875 [info ] [MainThread]:   warehouse: COMPUTE_WH
[0m10:45:22.464984 [info ] [MainThread]:   role: transform
[0m10:45:22.465111 [info ] [MainThread]:   schema: DEV
[0m10:45:22.465231 [info ] [MainThread]:   authenticator: None
[0m10:45:22.465345 [info ] [MainThread]:   private_key_path: None
[0m10:45:22.465460 [info ] [MainThread]:   token: None
[0m10:45:22.465572 [info ] [MainThread]:   oauth_client_id: None
[0m10:45:22.465688 [info ] [MainThread]:   query_tag: None
[0m10:45:22.465805 [info ] [MainThread]:   client_session_keep_alive: False
[0m10:45:22.465917 [info ] [MainThread]:   host: None
[0m10:45:22.466031 [info ] [MainThread]:   port: None
[0m10:45:22.466144 [info ] [MainThread]:   proxy_host: None
[0m10:45:22.466254 [info ] [MainThread]:   proxy_port: None
[0m10:45:22.466363 [info ] [MainThread]:   protocol: None
[0m10:45:22.466475 [info ] [MainThread]:   connect_retries: 1
[0m10:45:22.466584 [info ] [MainThread]:   connect_timeout: None
[0m10:45:22.466690 [info ] [MainThread]:   retry_on_database_errors: False
[0m10:45:22.466799 [info ] [MainThread]:   retry_all: False
[0m10:45:22.466905 [info ] [MainThread]:   insecure_mode: False
[0m10:45:22.467014 [info ] [MainThread]:   reuse_connections: None
[0m10:45:22.467245 [info ] [MainThread]: Registered adapter: snowflake=1.7.1
[0m10:45:22.472016 [debug] [MainThread]: Acquiring new snowflake connection 'debug'
[0m10:45:22.473870 [debug] [MainThread]: Using snowflake connection "debug"
[0m10:45:22.474075 [debug] [MainThread]: On debug: select 1 as id
[0m10:45:22.474252 [debug] [MainThread]: Opening a new connection, currently in state init
[0m10:45:22.987516 [debug] [MainThread]: SQL status: SUCCESS 1 in 1.0 seconds
[0m10:45:22.989635 [debug] [MainThread]: On debug: Close
[0m10:45:23.040055 [info ] [MainThread]:   Connection test: [[32mOK connection ok[0m]

[0m10:45:23.041086 [info ] [MainThread]: [31m1 check failed:[0m
[0m10:45:23.041536 [info ] [MainThread]: Project loading failed for the following reason:
 project path </Users/rachelgao/Desktop/personal-projects/dbt-course/dbt_project.yml> not found

[0m10:45:23.046067 [debug] [MainThread]: Resource report: {"command_name": "debug", "command_wall_clock_time": 0.78498924, "process_user_time": 0.903055, "process_kernel_time": 0.14071, "process_mem_max_rss": "133726208", "command_success": false, "process_in_blocks": "0", "process_out_blocks": "0"}
[0m10:45:23.046981 [debug] [MainThread]: Command `dbt debug` failed at 10:45:23.046806 after 0.79 seconds
[0m10:45:23.047454 [debug] [MainThread]: Connection 'debug' was properly closed.
[0m10:45:23.047848 [debug] [MainThread]: Sending event: {'category': 'dbt', 'action': 'invocation', 'label': 'end', 'context': [<snowplow_tracker.self_describing_json.SelfDescribingJson object at 0x1113a6ad0>, <snowplow_tracker.self_describing_json.SelfDescribingJson object at 0x1030de090>, <snowplow_tracker.self_describing_json.SelfDescribingJson object at 0x11233c710>]}
[0m10:45:23.048258 [debug] [MainThread]: Flushing usage events
